<testsuites name="jest tests" tests="1" failures="0" time="19.435">
  <testsuite name="App component tests" errors="0" failures="0" skipped="0" timestamp="2018-10-29T14:24:52" time="16.088" tests="1">
    <testcase classname="App component tests renders without crashing" name="App component tests renders without crashing" time="0.199">
    </testcase>
  </testsuite>
</testsuites>