<testsuites name="jest tests" tests="1" failures="0" time="14.277">
  <testsuite name="App component tests" errors="0" failures="0" skipped="0" timestamp="2018-10-29T15:24:55" time="11.681" tests="1">
    <testcase classname="App component tests renders without crashing" name="App component tests renders without crashing" time="0.148">
    </testcase>
  </testsuite>
</testsuites>