<testsuites name="jest tests" tests="1" failures="0" time="14.83">
  <testsuite name="App component tests" errors="0" failures="0" skipped="0" timestamp="2018-10-31T07:34:47" time="11.543" tests="1">
    <testcase classname="App component tests renders without crashing" name="App component tests renders without crashing" time="0.155">
    </testcase>
  </testsuite>
</testsuites>