<testsuites name="jest tests" tests="1" failures="0" time="13.984">
  <testsuite name="App component tests" errors="0" failures="0" skipped="0" timestamp="2018-10-29T15:06:18" time="10.322" tests="1">
    <testcase classname="App component tests renders without crashing" name="App component tests renders without crashing" time="0.141">
    </testcase>
  </testsuite>
</testsuites>