{"numFailedTestSuites":0,"numFailedTests":0,"numPassedTestSuites":1,"numPassedTests":1,"numPendingTestSuites":0,"numPendingTests":0,"numRuntimeErrorTestSuites":0,"numTotalTestSuites":1,"numTotalTests":1,"snapshot":{"added":0,"didUpdate":false,"failure":false,"filesAdded":0,"filesRemoved":0,"filesUnmatched":0,"filesUpdated":0,"matched":0,"total":0,"unchecked":0,"unmatched":0,"updated":0},"startTime":1540810752925,"success":true,"testResults":[{"assertionResults":[{"failureMessages":[],"status":"passed","title":"renders without crashing"}],"endTime":1540810765904,"message":"","name":"D:\\Alla\\github\\doctor\\src\\App.test.tsx","startTime":1540810755454,"status":"passed","summary":""}],"wasInterrupted":false,"coverageMap":{"D:\\Alla\\github\\doctor\\src\\App.tsx":{"path":"D:\\Alla\\github\\doctor\\src\\App.tsx","statementMap":{"0":{"start":{"line":2,"column":0},"end":{"line":2,"column":62}},"1":{"start":{"line":3,"column":14},"end":{"line":3,"column":30}},"2":{"start":{"line":4,"column":12},"end":{"line":4,"column":28}},"3":{"start":{"line":5,"column":25},"end":{"line":5,"column":52}},"4":{"start":{"line":6,"column":16},"end":{"line":6,"column":44}},"5":{"start":{"line":7,"column":0},"end":{"line":7,"column":21}},"6":{"start":{"line":8,"column":21},"end":{"line":8,"column":57}},"7":{"start":{"line":9,"column":17},"end":{"line":9,"column":49}},"8":{"start":{"line":10,"column":18},"end":{"line":10,"column":51}},"9":{"start":{"line":11,"column":21},"end":{"line":11,"column":57}},"10":{"start":{"line":12,"column":25},"end":{"line":26,"column":18}},"11":{"start":{"line":13,"column":4},"end":{"line":13,"column":35}},"12":{"start":{"line":15,"column":8},"end":{"line":15,"column":72}},"13":{"start":{"line":17,"column":4},"end":{"line":24,"column":6}},"14":{"start":{"line":18,"column":8},"end":{"line":23,"column":119}},"15":{"start":{"line":25,"column":4},"end":{"line":25,"column":15}},"16":{"start":{"line":27,"column":0},"end":{"line":27,"column":22}}},"fnMap":{"0":{"name":"(anonymous_0)","decl":{"start":{"line":12,"column":25},"end":{"line":12,"column":26}},"loc":{"start":{"line":12,"column":43},"end":{"line":26,"column":1}},"line":12},"1":{"name":"App","decl":{"start":{"line":14,"column":13},"end":{"line":14,"column":16}},"loc":{"start":{"line":14,"column":19},"end":{"line":16,"column":5}},"line":14},"2":{"name":"(anonymous_2)","decl":{"start":{"line":17,"column":27},"end":{"line":17,"column":28}},"loc":{"start":{"line":17,"column":39},"end":{"line":24,"column":5}},"line":17}},"branchMap":{"0":{"loc":{"start":{"line":15,"column":15},"end":{"line":15,"column":71}},"type":"binary-expr","locations":[{"start":{"line":15,"column":15},"end":{"line":15,"column":30}},{"start":{"line":15,"column":34},"end":{"line":15,"column":63}},{"start":{"line":15,"column":67},"end":{"line":15,"column":71}}],"line":15}},"s":{"0":1,"1":1,"2":1,"3":1,"4":1,"5":1,"6":1,"7":1,"8":1,"9":1,"10":1,"11":1,"12":1,"13":1,"14":1,"15":1,"16":1},"f":{"0":1,"1":1,"2":1},"b":{"0":[1,1,1]},"inputSourceMap":{"version":3,"file":"App.js","sourceRoot":"","sources":["App.tsx"],"names":[],"mappings":";;;AAAA,6BAA+B;AAC/B,qDAAyD;AACzD,6CAA4C;AAC5C,qBAAmB;AACnB,0DAAyD;AACzD,kDAA6C;AAC7C,oDAA+C;AAC/C,0DAAqD;AAErD;IAAkB,+BAAe;IAAjC;;IAcA,CAAC;IAbQ,oBAAM,GAAb;QACE,OAAO,CACL,oBAAC,yBAAM,IAAC,OAAO,EAAE,iBAAO;YACtB;gBACI,oBAAC,yBAAM;oBACL,oBAAC,wBAAK,IAAC,IAAI,EAAC,QAAQ,EAAC,SAAS,EAAE,mBAAS,GAAI;oBAC7C,oBAAC,wBAAK,IAAC,IAAI,EAAC,WAAW,EAAC,SAAS,EAAE,sBAAY,GAAI;oBACnD,oBAAC,2BAAY,IAAC,IAAI,EAAC,GAAG,EAAC,SAAS,EAAE,kBAAQ,GAAG,CACtC,CACP,CACC,CACV,CAAC;IACJ,CAAC;IACH,UAAC;AAAD,CAAC,AAdD,CAAkB,KAAK,CAAC,SAAS,GAchC;AAED,kBAAe,GAAG,CAAC","sourcesContent":["import * as React from 'react';\r\nimport { Route, Router, Switch } from 'react-router-dom';\r\nimport { history } from \"./actions/history\";\r\nimport './App.css';\r\nimport { PrivateRoute } from './components/PrivateRoute';\r\nimport HomePage from './containers/HomePage';\r\nimport LoginPage from './containers/LoginPage';\r\nimport RegisterForm from './containers/RegisterForm';\r\n\r\nclass App extends React.Component {\r\n  public render() {\r\n    return (\r\n      <Router history={history}>\r\n        <div>\r\n            <Switch>\r\n              <Route path=\"/login\" component={LoginPage} />\r\n              <Route path=\"/register\" component={RegisterForm} />\r\n              <PrivateRoute path=\"/\" component={HomePage}/>\r\n            </Switch>\r\n        </div>\r\n      </Router>\r\n    );\r\n  }\r\n}\r\n\r\nexport default App;\r\n"]},"_coverageSchema":"332fd63041d2c1bcb487cc26dd0d5f7d97098a6c","hash":"5718b2a33dc651b70cb9fc045bd9fd49588d1920"},"D:\\Alla\\github\\doctor\\src\\actions\\history.ts":{"path":"D:\\Alla\\github\\doctor\\src\\actions\\history.ts","statementMap":{"0":{"start":{"line":2,"column":0},"end":{"line":2,"column":62}},"1":{"start":{"line":3,"column":16},"end":{"line":3,"column":34}},"2":{"start":{"line":4,"column":0},"end":{"line":4,"column":51}}},"fnMap":{},"branchMap":{},"s":{"0":1,"1":1,"2":1},"f":{},"b":{},"inputSourceMap":{"version":3,"file":"history.js","sourceRoot":"","sources":["history.ts"],"names":[],"mappings":";;AAAA,mCAA+C;AAElC,QAAA,OAAO,GAAG,8BAAoB,EAAE,CAAC","sourcesContent":["import { createBrowserHistory } from 'history';\n\nexport const history = createBrowserHistory();"]},"_coverageSchema":"332fd63041d2c1bcb487cc26dd0d5f7d97098a6c","hash":"b6e5fcd69a4ad84a8a49b45d707aaed07519d679"},"D:\\Alla\\github\\doctor\\src\\components\\PrivateRoute.tsx":{"path":"D:\\Alla\\github\\doctor\\src\\components\\PrivateRoute.tsx","statementMap":{"0":{"start":{"line":2,"column":0},"end":{"line":2,"column":62}},"1":{"start":{"line":3,"column":14},"end":{"line":3,"column":30}},"2":{"start":{"line":4,"column":12},"end":{"line":4,"column":28}},"3":{"start":{"line":5,"column":25},"end":{"line":5,"column":52}},"4":{"start":{"line":6,"column":34},"end":{"line":20,"column":18}},"5":{"start":{"line":7,"column":4},"end":{"line":7,"column":44}},"6":{"start":{"line":9,"column":8},"end":{"line":9,"column":72}},"7":{"start":{"line":11,"column":4},"end":{"line":18,"column":6}},"8":{"start":{"line":12,"column":19},"end":{"line":12,"column":47}},"9":{"start":{"line":13,"column":23},"end":{"line":13,"column":42}},"10":{"start":{"line":14,"column":8},"end":{"line":16,"column":9}},"11":{"start":{"line":15,"column":12},"end":{"line":15,"column":125}},"12":{"start":{"line":17,"column":8},"end":{"line":17,"column":123}},"13":{"start":{"line":19,"column":4},"end":{"line":19,"column":24}},"14":{"start":{"line":21,"column":0},"end":{"line":21,"column":36}}},"fnMap":{"0":{"name":"(anonymous_0)","decl":{"start":{"line":6,"column":34},"end":{"line":6,"column":35}},"loc":{"start":{"line":6,"column":52},"end":{"line":20,"column":1}},"line":6},"1":{"name":"PrivateRoute","decl":{"start":{"line":8,"column":13},"end":{"line":8,"column":25}},"loc":{"start":{"line":8,"column":28},"end":{"line":10,"column":5}},"line":8},"2":{"name":"(anonymous_2)","decl":{"start":{"line":11,"column":36},"end":{"line":11,"column":37}},"loc":{"start":{"line":11,"column":48},"end":{"line":18,"column":5}},"line":11}},"branchMap":{"0":{"loc":{"start":{"line":9,"column":15},"end":{"line":9,"column":71}},"type":"binary-expr","locations":[{"start":{"line":9,"column":15},"end":{"line":9,"column":30}},{"start":{"line":9,"column":34},"end":{"line":9,"column":63}},{"start":{"line":9,"column":67},"end":{"line":9,"column":71}}],"line":9},"1":{"loc":{"start":{"line":14,"column":8},"end":{"line":16,"column":9}},"type":"if","locations":[{"start":{"line":14,"column":8},"end":{"line":16,"column":9}},{"start":{"line":14,"column":8},"end":{"line":16,"column":9}}],"line":14}},"s":{"0":1,"1":1,"2":1,"3":1,"4":1,"5":1,"6":1,"7":1,"8":1,"9":1,"10":1,"11":0,"12":1,"13":1,"14":1},"f":{"0":1,"1":1,"2":1},"b":{"0":[1,1,1],"1":[0,1]},"inputSourceMap":{"version":3,"file":"PrivateRoute.js","sourceRoot":"","sources":["PrivateRoute.tsx"],"names":[],"mappings":";;;AAAA,6BAA+B;AAC/B,qDAAmD;AAOnD;IAAkC,wCAA2B;IAA7D;;IAYA,CAAC;IAVU,6BAAM,GAAb;QACI,IAAM,IAAI,GAAG,YAAY,CAAC,OAAO,CAAC,MAAM,CAAC,CAAC;QAC1C,IAAM,QAAQ,GAAI,IAAI,CAAC,KAAa,CAAC,QAAoB,CAAC;QAE1D,IAAI,IAAI,EAAE;YACN,OAAO,oBAAC,wBAAK,IAAC,IAAI,EAAE,IAAI,CAAC,KAAK,CAAC,IAAI,EAAE,SAAS,EAAE,IAAI,CAAC,KAAK,CAAC,SAAS,GAAG,CAAC;SAC3E;QAED,OAAO,oBAAC,2BAAQ,IAAC,EAAE,EAAE,EAAE,QAAQ,EAAE,QAAQ,EAAE,KAAK,EAAE,EAAE,IAAI,EAAE,QAAQ,EAAE,EAAE,GAAI,CAAC;IAC/E,CAAC;IACL,mBAAC;AAAD,CAAC,AAZD,CAAkC,KAAK,CAAC,SAAS,GAYhD;AAZY,oCAAY","sourcesContent":["import * as React from 'react';\r\nimport { Redirect, Route } from 'react-router-dom';\r\n\r\nexport interface IProps {\r\n    path: string,\r\n    component: React.ComponentClass<any, any>\r\n}\r\n\r\nexport class PrivateRoute extends React.Component<IProps, {}> {\r\n\r\n    public render() {\r\n        const user = localStorage.getItem('user');\r\n        const location = (this.props as any).location as Location;\r\n\r\n        if (user) {\r\n            return <Route path={this.props.path} component={this.props.component}/>;\r\n        }\r\n\r\n        return <Redirect to={{ pathname: '/login', state: { from: location } }} />;\r\n    }\r\n}\r\n"]},"_coverageSchema":"332fd63041d2c1bcb487cc26dd0d5f7d97098a6c","hash":"6c16ff64d4329ce22ab733d8411a4c2dc693948d"},"D:\\Alla\\github\\doctor\\src\\containers\\HomePage.tsx":{"path":"D:\\Alla\\github\\doctor\\src\\containers\\HomePage.tsx","statementMap":{"0":{"start":{"line":2,"column":0},"end":{"line":2,"column":62}},"1":{"start":{"line":3,"column":20},"end":{"line":3,"column":42}},"2":{"start":{"line":4,"column":17},"end":{"line":4,"column":50}},"3":{"start":{"line":5,"column":22},"end":{"line":7,"column":5}},"4":{"start":{"line":5,"column":48},"end":{"line":7,"column":3}},"5":{"start":{"line":8,"column":25},"end":{"line":10,"column":1}},"6":{"start":{"line":9,"column":4},"end":{"line":9,"column":14}},"7":{"start":{"line":11,"column":0},"end":{"line":11,"column":98}}},"fnMap":{"0":{"name":"(anonymous_0)","decl":{"start":{"line":5,"column":22},"end":{"line":5,"column":23}},"loc":{"start":{"line":5,"column":46},"end":{"line":7,"column":5}},"line":5},"1":{"name":"(anonymous_1)","decl":{"start":{"line":8,"column":25},"end":{"line":8,"column":26}},"loc":{"start":{"line":8,"column":45},"end":{"line":10,"column":1}},"line":8}},"branchMap":{},"s":{"0":1,"1":1,"2":1,"3":1,"4":0,"5":1,"6":0,"7":1},"f":{"0":0,"1":0},"b":{},"inputSourceMap":{"version":3,"file":"HomePage.js","sourceRoot":"","sources":["HomePage.tsx"],"names":[],"mappings":";;AAAA,2CAAsC;AAGtC,mDAAkD;AAGlD,IAAM,eAAe,GAAG,UAAC,KAAiB,EAAE,KAAU,IAAU,OAAA,CAAC;IAC7D,IAAI,EAAE,KAAK,CAAC,SAAS,CAAC,IAAI,CAAC,QAAQ;CACtC,CAAC,EAF8D,CAE9D,CAAC;AAEH,IAAM,kBAAkB,GAAG,UAAC,QAAyC;IACjE,OAAO,EACN,CAAC;AACN,CAAC,CAAC;AAEF,kBAAe,qBAAO,CAAoB,eAAe,EAAE,kBAAkB,CAAC,CAAC,mBAAe,CAAC,CAAC","sourcesContent":["import { connect } from 'react-redux';\r\nimport { Action } from 'redux';\r\nimport { ThunkDispatch } from 'redux-thunk';\r\nimport { HomePage } from '../components/HomePage';\r\nimport { IRootState } from '../reducers/root';\r\n\r\nconst mapStateToProps = (state: IRootState, props: any): any => ({\r\n    name: state.userState.user.userName,\r\n});\r\n\r\nconst mapDispatchToProps = (dispatch: ThunkDispatch<any, any, Action>): any => {\r\n    return {\r\n    };\r\n};\r\n\r\nexport default connect<any, {}, any, any>(mapStateToProps, mapDispatchToProps)(HomePage as any);"]},"_coverageSchema":"332fd63041d2c1bcb487cc26dd0d5f7d97098a6c","hash":"097125b891476ec3d2d3e4f8b56914d19f53bb92"},"D:\\Alla\\github\\doctor\\src\\components\\HomePage.tsx":{"path":"D:\\Alla\\github\\doctor\\src\\components\\HomePage.tsx","statementMap":{"0":{"start":{"line":2,"column":0},"end":{"line":2,"column":62}},"1":{"start":{"line":3,"column":14},"end":{"line":3,"column":30}},"2":{"start":{"line":4,"column":12},"end":{"line":4,"column":28}},"3":{"start":{"line":5,"column":30},"end":{"line":16,"column":18}},"4":{"start":{"line":6,"column":4},"end":{"line":6,"column":40}},"5":{"start":{"line":8,"column":8},"end":{"line":8,"column":72}},"6":{"start":{"line":10,"column":4},"end":{"line":14,"column":6}},"7":{"start":{"line":11,"column":8},"end":{"line":13,"column":30}},"8":{"start":{"line":15,"column":4},"end":{"line":15,"column":20}},"9":{"start":{"line":17,"column":0},"end":{"line":17,"column":28}}},"fnMap":{"0":{"name":"(anonymous_0)","decl":{"start":{"line":5,"column":30},"end":{"line":5,"column":31}},"loc":{"start":{"line":5,"column":48},"end":{"line":16,"column":1}},"line":5},"1":{"name":"HomePage","decl":{"start":{"line":7,"column":13},"end":{"line":7,"column":21}},"loc":{"start":{"line":7,"column":24},"end":{"line":9,"column":5}},"line":7},"2":{"name":"(anonymous_2)","decl":{"start":{"line":10,"column":32},"end":{"line":10,"column":33}},"loc":{"start":{"line":10,"column":44},"end":{"line":14,"column":5}},"line":10}},"branchMap":{"0":{"loc":{"start":{"line":8,"column":15},"end":{"line":8,"column":71}},"type":"binary-expr","locations":[{"start":{"line":8,"column":15},"end":{"line":8,"column":30}},{"start":{"line":8,"column":34},"end":{"line":8,"column":63}},{"start":{"line":8,"column":67},"end":{"line":8,"column":71}}],"line":8}},"s":{"0":1,"1":1,"2":1,"3":1,"4":1,"5":0,"6":1,"7":0,"8":1,"9":1},"f":{"0":1,"1":0,"2":0},"b":{"0":[0,0,0]},"inputSourceMap":{"version":3,"file":"HomePage.js","sourceRoot":"","sources":["HomePage.tsx"],"names":[],"mappings":";;;AAAA,6BAA+B;AAM/B;IAA8B,oCAA2B;IAAzD;;IAMA,CAAC;IALU,yBAAM,GAAb;QACI,OAAO,CACH;;YAAa,IAAI,CAAC,KAAK,CAAC,IAAI,CAAO,CACtC,CAAA;IACL,CAAC;IACL,eAAC;AAAD,CAAC,AAND,CAA8B,KAAK,CAAC,SAAS,GAM5C;AANY,4BAAQ","sourcesContent":["import * as React from 'react';\r\n\r\nexport interface IProps {\r\n    name: string | null\r\n}\r\n\r\nexport class HomePage extends React.Component<IProps, {}> {\r\n    public render() {\r\n        return (\r\n            <div>Hello, {this.props.name}</div>\r\n        )\r\n    }\r\n}"]},"_coverageSchema":"332fd63041d2c1bcb487cc26dd0d5f7d97098a6c","hash":"81349c655d09ba463fc12d1329cebbaa53db290f"},"D:\\Alla\\github\\doctor\\src\\containers\\LoginPage.tsx":{"path":"D:\\Alla\\github\\doctor\\src\\containers\\LoginPage.tsx","statementMap":{"0":{"start":{"line":2,"column":0},"end":{"line":2,"column":62}},"1":{"start":{"line":3,"column":14},"end":{"line":3,"column":30}},"2":{"start":{"line":4,"column":12},"end":{"line":4,"column":28}},"3":{"start":{"line":5,"column":20},"end":{"line":5,"column":42}},"4":{"start":{"line":6,"column":21},"end":{"line":6,"column":55}},"5":{"start":{"line":7,"column":18},"end":{"line":7,"column":52}},"6":{"start":{"line":8,"column":31},"end":{"line":34,"column":18}},"7":{"start":{"line":9,"column":4},"end":{"line":9,"column":41}},"8":{"start":{"line":11,"column":20},"end":{"line":11,"column":52}},"9":{"start":{"line":12,"column":8},"end":{"line":12,"column":60}},"10":{"start":{"line":13,"column":8},"end":{"line":13,"column":60}},"11":{"start":{"line":14,"column":8},"end":{"line":14,"column":21}},"12":{"start":{"line":16,"column":4},"end":{"line":22,"column":6}},"13":{"start":{"line":18,"column":17},"end":{"line":18,"column":29}},"14":{"start":{"line":18,"column":38},"end":{"line":18,"column":45}},"15":{"start":{"line":18,"column":55},"end":{"line":18,"column":63}},"16":{"start":{"line":19,"column":19},"end":{"line":19,"column":89}},"17":{"start":{"line":20,"column":8},"end":{"line":20,"column":34}},"18":{"start":{"line":23,"column":4},"end":{"line":29,"column":6}},"19":{"start":{"line":24,"column":8},"end":{"line":28,"column":9}},"20":{"start":{"line":27,"column":12},"end":{"line":27,"column":49}},"21":{"start":{"line":30,"column":4},"end":{"line":32,"column":6}},"22":{"start":{"line":31,"column":8},"end":{"line":31,"column":64}},"23":{"start":{"line":33,"column":4},"end":{"line":33,"column":21}},"24":{"start":{"line":35,"column":0},"end":{"line":35,"column":30}},"25":{"start":{"line":36,"column":22},"end":{"line":38,"column":5}},"26":{"start":{"line":36,"column":48},"end":{"line":38,"column":3}},"27":{"start":{"line":39,"column":25},"end":{"line":43,"column":1}},"28":{"start":{"line":40,"column":4},"end":{"line":42,"column":6}},"29":{"start":{"line":41,"column":36},"end":{"line":41,"column":93}},"30":{"start":{"line":44,"column":0},"end":{"line":44,"column":88}}},"fnMap":{"0":{"name":"(anonymous_0)","decl":{"start":{"line":8,"column":31},"end":{"line":8,"column":32}},"loc":{"start":{"line":8,"column":49},"end":{"line":34,"column":1}},"line":8},"1":{"name":"LoginPage","decl":{"start":{"line":10,"column":13},"end":{"line":10,"column":22}},"loc":{"start":{"line":10,"column":30},"end":{"line":15,"column":5}},"line":10},"2":{"name":"(anonymous_2)","decl":{"start":{"line":16,"column":39},"end":{"line":16,"column":40}},"loc":{"start":{"line":16,"column":56},"end":{"line":22,"column":5}},"line":16},"3":{"name":"(anonymous_3)","decl":{"start":{"line":23,"column":39},"end":{"line":23,"column":40}},"loc":{"start":{"line":23,"column":56},"end":{"line":29,"column":5}},"line":23},"4":{"name":"(anonymous_4)","decl":{"start":{"line":30,"column":33},"end":{"line":30,"column":34}},"loc":{"start":{"line":30,"column":45},"end":{"line":32,"column":5}},"line":30},"5":{"name":"(anonymous_5)","decl":{"start":{"line":36,"column":22},"end":{"line":36,"column":23}},"loc":{"start":{"line":36,"column":46},"end":{"line":38,"column":5}},"line":36},"6":{"name":"(anonymous_6)","decl":{"start":{"line":39,"column":25},"end":{"line":39,"column":26}},"loc":{"start":{"line":39,"column":45},"end":{"line":43,"column":1}},"line":39},"7":{"name":"(anonymous_7)","decl":{"start":{"line":41,"column":18},"end":{"line":41,"column":19}},"loc":{"start":{"line":41,"column":34},"end":{"line":41,"column":95}},"line":41}},"branchMap":{"0":{"loc":{"start":{"line":11,"column":20},"end":{"line":11,"column":52}},"type":"binary-expr","locations":[{"start":{"line":11,"column":20},"end":{"line":11,"column":44}},{"start":{"line":11,"column":48},"end":{"line":11,"column":52}}],"line":11},"1":{"loc":{"start":{"line":24,"column":8},"end":{"line":28,"column":9}},"type":"if","locations":[{"start":{"line":24,"column":8},"end":{"line":28,"column":9}},{"start":{"line":24,"column":8},"end":{"line":28,"column":9}}],"line":24},"2":{"loc":{"start":{"line":24,"column":12},"end":{"line":26,"column":36}},"type":"binary-expr","locations":[{"start":{"line":24,"column":12},"end":{"line":24,"column":36}},{"start":{"line":25,"column":12},"end":{"line":25,"column":33}},{"start":{"line":26,"column":12},"end":{"line":26,"column":36}}],"line":24}},"s":{"0":1,"1":1,"2":1,"3":1,"4":1,"5":1,"6":1,"7":1,"8":1,"9":1,"10":1,"11":1,"12":1,"13":0,"14":0,"15":0,"16":0,"17":0,"18":1,"19":0,"20":0,"21":1,"22":1,"23":1,"24":1,"25":1,"26":1,"27":1,"28":1,"29":0,"30":1},"f":{"0":1,"1":1,"2":0,"3":0,"4":1,"5":1,"6":1,"7":0},"b":{"0":[1,1],"1":[0,0],"2":[0,0,0]},"inputSourceMap":{"version":3,"file":"LoginPage.js","sourceRoot":"","sources":["LoginPage.tsx"],"names":[],"mappings":";;;AAAA,6BAA+B;AAC/B,2CAAsC;AAGtC,wDAAmD;AACnD,qDAAoD;AAYpD;IAA+B,qCAAiD;IAE5E,mBAAmB,KAAmC;QAAtD,YACI,kBAAM,KAAK,CAAC,SAIf;QAFG,KAAI,CAAC,YAAY,GAAG,KAAI,CAAC,YAAY,CAAC,IAAI,CAAC,KAAI,CAAC,CAAC;QACjD,KAAI,CAAC,YAAY,GAAG,KAAI,CAAC,YAAY,CAAC,IAAI,CAAC,KAAI,CAAC,CAAC;;IACrD,CAAC;IAEM,gCAAY,GAAnB,UAAoB,KAAU;;QACpB,IAAA,iBAA8B,EAA5B,cAAI,EAAE,gBAAsB,CAAC;QACrC,IAAM,IAAI,wBAAQ,IAAI,CAAC,KAAK,CAAC,IAAI,eAAG,IAAI,IAAG,KAAK,MAAE,CAAC;QAEnD,IAAI,CAAC,KAAK,CAAC,QAAQ,CAAC,IAAI,CAAC,CAAC;QAC1B,uBAAuB;IAC3B,CAAC;IAEM,gCAAY,GAAnB,UAAoB,KAAU;QAC1B,IAAI,IAAI,CAAC,KAAK,CAAC,IAAI,CAAC,QAAQ;YACxB,IAAI,CAAC,KAAK,CAAC,IAAI,CAAC,KAAK;YACrB,IAAI,CAAC,KAAK,CAAC,IAAI,CAAC,QAAQ,EAAE;YAC1B,IAAI,CAAC,KAAK,CAAC,QAAQ,CAAC,IAAI,CAAC,KAAK,CAAC,IAAI,CAAC,CAAC;SACxC;IACL,CAAC;IAEM,0BAAM,GAAb;QACQ,OAAO,oBAAC,qBAAS,OAAG,CAAA;IAC5B,CAAC;IACL,gBAAC;AAAD,CAAC,AA5BD,CAA+B,KAAK,CAAC,SAAS,GA4B7C;AA5BY,8BAAS;AA8BtB,IAAM,eAAe,GAAG,UAAC,KAAiB,EAAE,KAAkB,IAAkB,OAAA,CAAC;IAC7E,IAAI,EAAE,KAAK,CAAC,SAAS,CAAC,IAAI;CAC7B,CAAC,EAF8E,CAE9E,CAAC;AAEH,IAAM,kBAAkB,GAAG,UAAC,QAAyC;IACjE,OAAO;QACH,QAAQ,EAAE,UAAC,IAAU,IAAK,OAAA,QAAQ,CAAC,uBAAQ,CAAC,IAAI,EAAE,QAAQ,CAAC,CAAC,EAAlC,CAAkC;KAC/D,CAAC;AACJ,CAAC,CAAC;AAEJ,kBAAe,qBAAO,CAAgC,eAAe,EAAE,kBAAkB,CAAC,CAAC,SAAgB,CAAC,CAAC","sourcesContent":["import * as React from 'react';\r\nimport { connect } from \"react-redux\";\r\nimport { Action } from \"redux\";\r\nimport { ThunkDispatch } from \"redux-thunk\";\r\nimport { register } from \"../actions/user-actions\";\r\nimport { LoginForm } from '../components/LoginForm';\r\nimport { IRootState } from \"../reducers/root\";\r\nimport { User } from '../types/user';\r\n\r\nexport interface IStateProps {\r\n    user: User\r\n}\r\n\r\nexport interface IDispatchProps {\r\n    register: (user: User) => void;\r\n}\r\n\r\nexport class LoginPage extends React.Component<IDispatchProps & IStateProps, {}> {\r\n\r\n    public constructor(props: IDispatchProps & IStateProps) {\r\n        super(props);\r\n\r\n        this.handleChange = this.handleChange.bind(this);\r\n        this.handleSubmit = this.handleSubmit.bind(this);\r\n    }\r\n\r\n    public handleChange(event: any) {\r\n        const { name, value } = event.target;\r\n        const user = { ...this.props.user, [name]: value };\r\n\r\n        this.props.register(user);\r\n        // dispatch user change\r\n    }\r\n\r\n    public handleSubmit(event: any) {\r\n        if (this.props.user.userName && \r\n            this.props.user.email && \r\n            this.props.user.password) {\r\n            this.props.register(this.props.user);\r\n        }\r\n    }\r\n\r\n    public render() {\r\n            return <LoginForm />\r\n    }\r\n}\r\n\r\nconst mapStateToProps = (state: IRootState, props: IStateProps): IStateProps => ({\r\n    user: state.userState.user,\r\n});\r\n\r\nconst mapDispatchToProps = (dispatch: ThunkDispatch<any, any, Action>): IDispatchProps => {\r\n    return {\r\n        register: (user: User) => dispatch(register(user, dispatch)),\r\n    };\r\n  };\r\n\r\nexport default connect<any, IDispatchProps, any, any>(mapStateToProps, mapDispatchToProps)(LoginPage as any);"]},"_coverageSchema":"332fd63041d2c1bcb487cc26dd0d5f7d97098a6c","hash":"77a3be6fe23531c5ae43ea2d9ef3e06f2778a791"},"D:\\Alla\\github\\doctor\\src\\actions\\user-actions.ts":{"path":"D:\\Alla\\github\\doctor\\src\\actions\\user-actions.ts","statementMap":{"0":{"start":{"line":2,"column":0},"end":{"line":2,"column":62}},"1":{"start":{"line":3,"column":14},"end":{"line":3,"column":30}},"2":{"start":{"line":4,"column":16},"end":{"line":4,"column":45}},"3":{"start":{"line":5,"column":22},"end":{"line":5,"column":55}},"4":{"start":{"line":8,"column":0},"end":{"line":12,"column":80}},"5":{"start":{"line":9,"column":4},"end":{"line":9,"column":62}},"6":{"start":{"line":10,"column":4},"end":{"line":10,"column":78}},"7":{"start":{"line":11,"column":4},"end":{"line":11,"column":74}},"8":{"start":{"line":15,"column":16},"end":{"line":15,"column":20}},"9":{"start":{"line":16,"column":4},"end":{"line":57,"column":10}},"10":{"start":{"line":16,"column":33},"end":{"line":57,"column":7}},"11":{"start":{"line":18,"column":8},"end":{"line":56,"column":11}},"12":{"start":{"line":19,"column":12},"end":{"line":55,"column":13}},"13":{"start":{"line":21,"column":20},"end":{"line":21,"column":70}},"14":{"start":{"line":22,"column":20},"end":{"line":22,"column":33}},"15":{"start":{"line":24,"column":20},"end":{"line":24,"column":46}},"16":{"start":{"line":25,"column":20},"end":{"line":34,"column":28}},"17":{"start":{"line":36,"column":20},"end":{"line":36,"column":41}},"18":{"start":{"line":37,"column":20},"end":{"line":39,"column":21}},"19":{"start":{"line":38,"column":24},"end":{"line":38,"column":95}},"20":{"start":{"line":40,"column":20},"end":{"line":45,"column":22}},"21":{"start":{"line":46,"column":20},"end":{"line":46,"column":37}},"22":{"start":{"line":47,"column":20},"end":{"line":47,"column":71}},"23":{"start":{"line":48,"column":20},"end":{"line":48,"column":48}},"24":{"start":{"line":49,"column":20},"end":{"line":49,"column":44}},"25":{"start":{"line":51,"column":20},"end":{"line":51,"column":36}},"26":{"start":{"line":52,"column":20},"end":{"line":52,"column":97}},"27":{"start":{"line":53,"column":20},"end":{"line":53,"column":44}},"28":{"start":{"line":54,"column":24},"end":{"line":54,"column":46}},"29":{"start":{"line":59,"column":0},"end":{"line":59,"column":28}}},"fnMap":{"0":{"name":"(anonymous_0)","decl":{"start":{"line":8,"column":1},"end":{"line":8,"column":2}},"loc":{"start":{"line":8,"column":28},"end":{"line":12,"column":1}},"line":8},"1":{"name":"register","decl":{"start":{"line":14,"column":9},"end":{"line":14,"column":17}},"loc":{"start":{"line":14,"column":27},"end":{"line":58,"column":1}},"line":14},"2":{"name":"(anonymous_2)","decl":{"start":{"line":16,"column":11},"end":{"line":16,"column":12}},"loc":{"start":{"line":16,"column":31},"end":{"line":57,"column":9}},"line":16},"3":{"name":"(anonymous_3)","decl":{"start":{"line":16,"column":81},"end":{"line":16,"column":82}},"loc":{"start":{"line":16,"column":93},"end":{"line":57,"column":5}},"line":16},"4":{"name":"(anonymous_4)","decl":{"start":{"line":18,"column":41},"end":{"line":18,"column":42}},"loc":{"start":{"line":18,"column":55},"end":{"line":56,"column":9}},"line":18}},"branchMap":{"0":{"loc":{"start":{"line":12,"column":21},"end":{"line":12,"column":78}},"type":"binary-expr","locations":[{"start":{"line":12,"column":21},"end":{"line":12,"column":44}},{"start":{"line":12,"column":49},"end":{"line":12,"column":77}}],"line":12},"1":{"loc":{"start":{"line":19,"column":12},"end":{"line":55,"column":13}},"type":"switch","locations":[{"start":{"line":20,"column":16},"end":{"line":22,"column":33}},{"start":{"line":23,"column":16},"end":{"line":34,"column":28}},{"start":{"line":35,"column":16},"end":{"line":49,"column":44}},{"start":{"line":50,"column":16},"end":{"line":53,"column":44}},{"start":{"line":54,"column":16},"end":{"line":54,"column":46}}],"line":19},"2":{"loc":{"start":{"line":37,"column":20},"end":{"line":39,"column":21}},"type":"if","locations":[{"start":{"line":37,"column":20},"end":{"line":39,"column":21}},{"start":{"line":37,"column":20},"end":{"line":39,"column":21}}],"line":37}},"s":{"0":1,"1":1,"2":1,"3":1,"4":1,"5":1,"6":1,"7":1,"8":0,"9":0,"10":0,"11":0,"12":0,"13":0,"14":0,"15":0,"16":0,"17":0,"18":0,"19":0,"20":0,"21":0,"22":0,"23":0,"24":0,"25":0,"26":0,"27":0,"28":0,"29":1},"f":{"0":1,"1":0,"2":0,"3":0,"4":0},"b":{"0":[1,1],"1":[0,0,0,0,0],"2":[0,0]},"inputSourceMap":{"version":3,"file":"user-actions.js","sourceRoot":"","sources":["user-actions.ts"],"names":[],"mappings":";;;AAGA,8CAA6C;AAC7C,wDAAmD;AAGnD,mBAAmB;AACnB,IAAY,eAIX;AAJD,WAAY,eAAe;IACvB,yDAAsC,CAAA;IACtC,yEAAsD,CAAA;IACtD,qEAAkD,CAAA;AACtD,CAAC,EAJW,eAAe,GAAf,uBAAe,KAAf,uBAAe,QAI1B;AAgCD,kBAAkB;AAClB,SAAgB,QAAQ,CAAC,IAAU,EAAE,CAAkC;IAAvE,iBAsCC;IArCG,OAAO,UAAO,QAAyC;;;;;oBACnD,QAAQ,CAAC,EAAE,IAAI,EAAE,eAAe,CAAC,aAAa,EAAE,CAAC,CAAC;;;;oBAGnB,qBAAM,KAAK,CAC/B,uBAAa,CAAC,MAAM,iBAAc,EACrC;4BACI,IAAI,EAAE,IAAI,CAAC,SAAS,CAAC,IAAI,CAAC;4BAC1B,OAAO,EAAE;gCACL,QAAQ,EAAE,kBAAkB;gCAC5B,kCAAkC,EAAE,MAAM;gCAC1C,6BAA6B,EAAE,WAAW;gCAC1C,cAAc,EAAE,kBAAkB;6BACrC;4BACD,MAAM,EAAE,MAAM;yBACjB,CAAC,EAAA;;oBAXA,QAAQ,GAAa,SAWrB;oBAEN,IAAI,QAAQ,CAAC,MAAM,KAAK,GAAG,EAAE;wBACzB,MAAM,IAAI,KAAK,CAAC,mCAAmC,GAAG,QAAQ,CAAC,MAAM,CAAC,CAAC;qBAC1E;oBAEK,MAAM,GAAyB;wBACjC,OAAO,EAAE;4BACL,IAAI,MAAA;yBACP;wBACD,IAAI,EAAE,eAAe,CAAC,qBAAqB;qBAC9C,CAAC;oBAEF,QAAQ,CAAC,MAAM,CAAC,CAAC;oBACjB,YAAY,CAAC,OAAO,CAAC,MAAM,EAAE,IAAI,CAAC,SAAS,CAAC,IAAI,CAAC,CAAC,CAAC;oBAEnD,iBAAO,CAAC,IAAI,CAAC,GAAG,CAAC,CAAC;;;;oBAGlB,QAAQ,CAAC,EAAE,IAAI,EAAE,eAAe,CAAC,mBAAmB,EAAE,OAAO,EAAE,EAAE,CAAC,KAAA,EAAE,EAAE,CAAC,CAAA;;;;;SAE9E,CAAA;AACL,CAAC;AAtCD,4BAsCC","sourcesContent":["\r\nimport { Action } from \"redux\";\r\nimport { ThunkDispatch } from \"redux-thunk\";\r\nimport { history } from \"../actions/history\";\r\nimport Configuration from '../types/configuration';\r\nimport { User } from \"../types/user\";\r\n\r\n// Action Type Enum\r\nexport enum UserActionTypes {\r\n    REGISTER_USER = \"[user] REGISTER_USER\",\r\n    REGISTER_USER_SUCCESS = \"[user] REGISTER_USER_SUCCESS\",\r\n    REGISTER_USER_ERROR = \"[user] REGISTER_USER_ERROR\"\r\n}\r\n\r\n// Action Interfaces\r\nexport interface IRegisterUser extends Action {\r\n    type: UserActionTypes.REGISTER_USER;\r\n    payload: {\r\n        user: User;\r\n    }\r\n}\r\n\r\nexport interface IRegisterUserSuccess extends Action {\r\n    type: UserActionTypes.REGISTER_USER_SUCCESS;\r\n    payload: {\r\n        user: User;\r\n    }\r\n}\r\n\r\n\r\nexport interface IRegisterUserError extends Action {\r\n    type: UserActionTypes.REGISTER_USER_ERROR;\r\n    payload: {\r\n        error: string;\r\n    }\r\n}\r\n\r\n// Action Type\r\nexport type UserAction = \r\n    IRegisterUser |\r\n    IRegisterUserError |\r\n    IRegisterUserSuccess;\r\n\r\n\r\n// Action Creators\r\nexport function register(user: User, d: ThunkDispatch<any, any, Action>) {\r\n    return async (dispatch: ThunkDispatch<any, any, Action>) => {\r\n        dispatch({ type: UserActionTypes.REGISTER_USER });\r\n\r\n        try {\r\n            const response: Response = await fetch(\r\n                `${Configuration.ApiUrl}/api/account`, \r\n                { \r\n                    body: JSON.stringify(user),\r\n                    headers: {\r\n                        'Accept': 'application/json',\r\n                        'Access-Control-Allow-Credentials': 'true',\r\n                        'Access-Control-Allow-Origin': 'localhost',\r\n                        'Content-Type': 'application/json'\r\n                    },\r\n                    method: \"post\",\r\n                });\r\n\r\n            if (response.status !== 200) {\r\n                throw new Error(\"Couldn't register user. Response \" + response.status);\r\n            }\r\n\r\n            const action: IRegisterUserSuccess = {\r\n                payload: {\r\n                    user\r\n                },\r\n                type: UserActionTypes.REGISTER_USER_SUCCESS,\r\n            };\r\n\r\n            dispatch(action);\r\n            localStorage.setItem('user', JSON.stringify(user));\r\n\r\n            history.push('/');\r\n        }\r\n        catch (e) {\r\n            dispatch({ type: UserActionTypes.REGISTER_USER_ERROR, payload: { e } })\r\n        }\r\n    }\r\n}"]},"_coverageSchema":"332fd63041d2c1bcb487cc26dd0d5f7d97098a6c","hash":"3de0a8ecd7fb79d2698a3a297417f91eaf7709dc"},"D:\\Alla\\github\\doctor\\src\\types\\configuration.ts":{"path":"D:\\Alla\\github\\doctor\\src\\types\\configuration.ts","statementMap":{"0":{"start":{"line":2,"column":0},"end":{"line":2,"column":62}},"1":{"start":{"line":3,"column":20},"end":{"line":5,"column":1}},"2":{"start":{"line":6,"column":0},"end":{"line":6,"column":32}}},"fnMap":{},"branchMap":{},"s":{"0":1,"1":1,"2":1},"f":{},"b":{},"inputSourceMap":{"version":3,"file":"configuration.js","sourceRoot":"","sources":["configuration.ts"],"names":[],"mappings":";;AAAA,IAAM,aAAa,GAAG;IAClB,MAAM,EAAE,OAAO,CAAC,GAAG,CAAC,sBAAgC;CACvD,CAAA;AAED,kBAAe,aAAa,CAAC","sourcesContent":["const Configuration = {\r\n    ApiUrl: process.env.REACT_APP_API_ENDPOINT as string\r\n}\r\n\r\nexport default Configuration;"]},"_coverageSchema":"332fd63041d2c1bcb487cc26dd0d5f7d97098a6c","hash":"0e50dbd9256ddc253906a0a2bc75acbda73d59d9"},"D:\\Alla\\github\\doctor\\src\\components\\LoginForm.tsx":{"path":"D:\\Alla\\github\\doctor\\src\\components\\LoginForm.tsx","statementMap":{"0":{"start":{"line":2,"column":0},"end":{"line":2,"column":62}},"1":{"start":{"line":3,"column":14},"end":{"line":3,"column":30}},"2":{"start":{"line":4,"column":12},"end":{"line":4,"column":28}},"3":{"start":{"line":5,"column":25},"end":{"line":5,"column":52}},"4":{"start":{"line":6,"column":31},"end":{"line":23,"column":18}},"5":{"start":{"line":7,"column":4},"end":{"line":7,"column":41}},"6":{"start":{"line":9,"column":8},"end":{"line":9,"column":72}},"7":{"start":{"line":11,"column":4},"end":{"line":21,"column":6}},"8":{"start":{"line":12,"column":8},"end":{"line":20,"column":116}},"9":{"start":{"line":22,"column":4},"end":{"line":22,"column":21}},"10":{"start":{"line":24,"column":0},"end":{"line":24,"column":30}}},"fnMap":{"0":{"name":"(anonymous_0)","decl":{"start":{"line":6,"column":31},"end":{"line":6,"column":32}},"loc":{"start":{"line":6,"column":49},"end":{"line":23,"column":1}},"line":6},"1":{"name":"LoginForm","decl":{"start":{"line":8,"column":13},"end":{"line":8,"column":22}},"loc":{"start":{"line":8,"column":25},"end":{"line":10,"column":5}},"line":8},"2":{"name":"(anonymous_2)","decl":{"start":{"line":11,"column":33},"end":{"line":11,"column":34}},"loc":{"start":{"line":11,"column":45},"end":{"line":21,"column":5}},"line":11}},"branchMap":{"0":{"loc":{"start":{"line":9,"column":15},"end":{"line":9,"column":71}},"type":"binary-expr","locations":[{"start":{"line":9,"column":15},"end":{"line":9,"column":30}},{"start":{"line":9,"column":34},"end":{"line":9,"column":63}},{"start":{"line":9,"column":67},"end":{"line":9,"column":71}}],"line":9}},"s":{"0":1,"1":1,"2":1,"3":1,"4":1,"5":1,"6":1,"7":1,"8":1,"9":1,"10":1},"f":{"0":1,"1":1,"2":1},"b":{"0":[1,1,1]},"inputSourceMap":{"version":3,"file":"LoginForm.js","sourceRoot":"","sources":["LoginForm.tsx"],"names":[],"mappings":";;;AAAA,6BAA+B;AAC/B,qDAAwC;AAExC;IAA+B,qCAAuB;IAAtD;;IAcA,CAAC;IAbU,0BAAM,GAAb;QACI,OAAO,CAAC,6BAAK,SAAS,EAAC,YAAY;YACvB,6BAAK,SAAS,EAAC,MAAM;gBACjB,8BAAM,SAAS,EAAC,YAAY;oBACxB,+BAAO,IAAI,EAAC,MAAM,EAAC,WAAW,EAAC,UAAU,GAAE;oBAC3C,+BAAO,IAAI,EAAC,UAAU,EAAC,WAAW,EAAC,UAAU,GAAE;oBAC/C,4CAAsB;oBACtB,2BAAG,SAAS,EAAC,SAAS;;wBAAiB,oBAAC,uBAAI,IAAC,EAAE,EAAC,WAAW,wBAAyB,CAAI,CACrF,CACL,CACJ,CAAC,CAAA;IAEnB,CAAC;IACL,gBAAC;AAAD,CAAC,AAdD,CAA+B,KAAK,CAAC,SAAS,GAc7C;AAdY,8BAAS","sourcesContent":["import * as React from 'react';\r\nimport { Link } from 'react-router-dom';\r\n\r\nexport class LoginForm extends React.Component<{}, {}> {\r\n    public render() {\r\n        return (<div className=\"login-page\">\r\n                    <div className=\"form\">\r\n                        <form className=\"login-form\">\r\n                            <input type=\"text\" placeholder=\"username\"/>\r\n                            <input type=\"password\" placeholder=\"password\"/>\r\n                            <button>login</button>\r\n                            <p className=\"message\">Not registered? <Link to=\"/register\">Create an account</Link></p>\r\n                        </form>\r\n                    </div>\r\n                </div>)\r\n    \r\n    }\r\n}"]},"_coverageSchema":"332fd63041d2c1bcb487cc26dd0d5f7d97098a6c","hash":"2a4d5fb101c6a13b6a04178cc889e56e32bdeb2d"},"D:\\Alla\\github\\doctor\\src\\containers\\RegisterForm.tsx":{"path":"D:\\Alla\\github\\doctor\\src\\containers\\RegisterForm.tsx","statementMap":{"0":{"start":{"line":2,"column":0},"end":{"line":2,"column":62}},"1":{"start":{"line":3,"column":20},"end":{"line":3,"column":42}},"2":{"start":{"line":4,"column":21},"end":{"line":4,"column":55}},"3":{"start":{"line":5,"column":21},"end":{"line":5,"column":58}},"4":{"start":{"line":6,"column":22},"end":{"line":6,"column":62}},"5":{"start":{"line":6,"column":48},"end":{"line":6,"column":60}},"6":{"start":{"line":7,"column":25},"end":{"line":11,"column":1}},"7":{"start":{"line":8,"column":4},"end":{"line":10,"column":6}},"8":{"start":{"line":9,"column":36},"end":{"line":9,"column":93}},"9":{"start":{"line":12,"column":0},"end":{"line":12,"column":106}}},"fnMap":{"0":{"name":"(anonymous_0)","decl":{"start":{"line":6,"column":22},"end":{"line":6,"column":23}},"loc":{"start":{"line":6,"column":46},"end":{"line":6,"column":62}},"line":6},"1":{"name":"(anonymous_1)","decl":{"start":{"line":7,"column":25},"end":{"line":7,"column":26}},"loc":{"start":{"line":7,"column":45},"end":{"line":11,"column":1}},"line":7},"2":{"name":"(anonymous_2)","decl":{"start":{"line":9,"column":18},"end":{"line":9,"column":19}},"loc":{"start":{"line":9,"column":34},"end":{"line":9,"column":95}},"line":9}},"branchMap":{},"s":{"0":1,"1":1,"2":1,"3":1,"4":1,"5":0,"6":1,"7":0,"8":0,"9":1},"f":{"0":0,"1":0,"2":0},"b":{},"inputSourceMap":{"version":3,"file":"RegisterForm.js","sourceRoot":"","sources":["RegisterForm.tsx"],"names":[],"mappings":";;AAAA,2CAAsC;AAItC,wDAAmD;AACnD,2DAAkF;AAElF,IAAM,eAAe,GAAG,UAAC,KAAa,EAAE,KAAU,IAAU,OAAA,CAAC,EAAG,CAAC,EAAL,CAAK,CAAC;AAElE,IAAM,kBAAkB,GAAG,UAAC,QAAyC;IACnE,OAAO;QACH,QAAQ,EAAE,UAAC,IAAU,IAAK,OAAA,QAAQ,CAAC,uBAAQ,CAAC,IAAI,EAAE,QAAQ,CAAC,CAAC,EAAlC,CAAkC;KAC/D,CAAC;AACJ,CAAC,CAAC;AAEF,kBAAe,qBAAO,CAAgC,eAAe,EAAE,kBAAkB,CAAC,CAAC,2BAAmB,CAAC,CAAC","sourcesContent":["import { connect } from \"react-redux\";\r\nimport { Action } from \"redux\";\r\nimport { ThunkDispatch } from \"redux-thunk\";\r\nimport { User } from 'src/types/user';\r\nimport { register } from \"../actions/user-actions\";\r\nimport { IDispatchProps, IState, RegisterForm } from \"../components/RegisterForm\";\r\n\r\nconst mapStateToProps = (state: IState, props: any): any => ({ });\r\n  \r\nconst mapDispatchToProps = (dispatch: ThunkDispatch<any, any, Action>): IDispatchProps => {\r\n  return {\r\n      register: (user: User) => dispatch(register(user, dispatch)),\r\n  };\r\n};\r\n\r\nexport default connect<any, IDispatchProps, any, any>(mapStateToProps, mapDispatchToProps)(RegisterForm as any);"]},"_coverageSchema":"332fd63041d2c1bcb487cc26dd0d5f7d97098a6c","hash":"471531db041170cb472699640b5d82d8e84039d3"},"D:\\Alla\\github\\doctor\\src\\components\\RegisterForm.tsx":{"path":"D:\\Alla\\github\\doctor\\src\\components\\RegisterForm.tsx","statementMap":{"0":{"start":{"line":2,"column":0},"end":{"line":2,"column":62}},"1":{"start":{"line":3,"column":14},"end":{"line":3,"column":30}},"2":{"start":{"line":4,"column":12},"end":{"line":4,"column":28}},"3":{"start":{"line":5,"column":25},"end":{"line":5,"column":52}},"4":{"start":{"line":6,"column":34},"end":{"line":46,"column":18}},"5":{"start":{"line":7,"column":4},"end":{"line":7,"column":44}},"6":{"start":{"line":9,"column":20},"end":{"line":9,"column":52}},"7":{"start":{"line":10,"column":8},"end":{"line":16,"column":10}},"8":{"start":{"line":17,"column":8},"end":{"line":17,"column":52}},"9":{"start":{"line":18,"column":8},"end":{"line":18,"column":52}},"10":{"start":{"line":19,"column":8},"end":{"line":19,"column":21}},"11":{"start":{"line":21,"column":4},"end":{"line":28,"column":6}},"12":{"start":{"line":23,"column":17},"end":{"line":23,"column":29}},"13":{"start":{"line":23,"column":38},"end":{"line":23,"column":45}},"14":{"start":{"line":23,"column":55},"end":{"line":23,"column":63}},"15":{"start":{"line":24,"column":19},"end":{"line":24,"column":89}},"16":{"start":{"line":25,"column":8},"end":{"line":27,"column":11}},"17":{"start":{"line":26,"column":12},"end":{"line":26,"column":63}},"18":{"start":{"line":29,"column":4},"end":{"line":32,"column":6}},"19":{"start":{"line":30,"column":8},"end":{"line":30,"column":27}},"20":{"start":{"line":31,"column":8},"end":{"line":31,"column":45}},"21":{"start":{"line":33,"column":4},"end":{"line":44,"column":6}},"22":{"start":{"line":34,"column":8},"end":{"line":43,"column":103}},"23":{"start":{"line":45,"column":4},"end":{"line":45,"column":24}},"24":{"start":{"line":47,"column":0},"end":{"line":47,"column":36}}},"fnMap":{"0":{"name":"(anonymous_0)","decl":{"start":{"line":6,"column":34},"end":{"line":6,"column":35}},"loc":{"start":{"line":6,"column":52},"end":{"line":46,"column":1}},"line":6},"1":{"name":"RegisterForm","decl":{"start":{"line":8,"column":13},"end":{"line":8,"column":25}},"loc":{"start":{"line":8,"column":33},"end":{"line":20,"column":5}},"line":8},"2":{"name":"(anonymous_2)","decl":{"start":{"line":21,"column":38},"end":{"line":21,"column":39}},"loc":{"start":{"line":21,"column":55},"end":{"line":28,"column":5}},"line":21},"3":{"name":"(anonymous_3)","decl":{"start":{"line":25,"column":22},"end":{"line":25,"column":23}},"loc":{"start":{"line":25,"column":39},"end":{"line":27,"column":9}},"line":25},"4":{"name":"(anonymous_4)","decl":{"start":{"line":29,"column":38},"end":{"line":29,"column":39}},"loc":{"start":{"line":29,"column":51},"end":{"line":32,"column":5}},"line":29},"5":{"name":"(anonymous_5)","decl":{"start":{"line":33,"column":36},"end":{"line":33,"column":37}},"loc":{"start":{"line":33,"column":48},"end":{"line":44,"column":5}},"line":33}},"branchMap":{"0":{"loc":{"start":{"line":9,"column":20},"end":{"line":9,"column":52}},"type":"binary-expr","locations":[{"start":{"line":9,"column":20},"end":{"line":9,"column":44}},{"start":{"line":9,"column":48},"end":{"line":9,"column":52}}],"line":9},"1":{"loc":{"start":{"line":37,"column":117},"end":{"line":37,"column":175}},"type":"cond-expr","locations":[{"start":{"line":37,"column":149},"end":{"line":37,"column":170}},{"start":{"line":37,"column":173},"end":{"line":37,"column":175}}],"line":37},"2":{"loc":{"start":{"line":38,"column":116},"end":{"line":38,"column":180}},"type":"cond-expr","locations":[{"start":{"line":38,"column":151},"end":{"line":38,"column":175}},{"start":{"line":38,"column":178},"end":{"line":38,"column":180}}],"line":38},"3":{"loc":{"start":{"line":39,"column":119},"end":{"line":39,"column":183}},"type":"cond-expr","locations":[{"start":{"line":39,"column":154},"end":{"line":39,"column":178}},{"start":{"line":39,"column":181},"end":{"line":39,"column":183}}],"line":39}},"s":{"0":1,"1":1,"2":1,"3":1,"4":1,"5":1,"6":0,"7":0,"8":0,"9":0,"10":0,"11":1,"12":0,"13":0,"14":0,"15":0,"16":0,"17":0,"18":1,"19":0,"20":0,"21":1,"22":0,"23":1,"24":1},"f":{"0":1,"1":0,"2":0,"3":0,"4":0,"5":0},"b":{"0":[0,0],"1":[0,0],"2":[0,0],"3":[0,0]},"inputSourceMap":{"version":3,"file":"RegisterForm.js","sourceRoot":"","sources":["RegisterForm.tsx"],"names":[],"mappings":";;;AAAA,6BAA+B;AAC/B,qDAAwC;AAWxC;IAAkC,wCAAuC;IAErE,sBAAmB,KAAqB;QAAxC,YACI,kBAAM,KAAK,CAAC,SAYf;QAVG,KAAI,CAAC,KAAK,GAAG;YACT,IAAI,EAAE;gBACF,KAAK,EAAE,IAAI;gBACX,QAAQ,EAAE,IAAI;gBACd,QAAQ,EAAE,IAAI;aACjB;SACJ,CAAA;QAED,KAAI,CAAC,QAAQ,GAAG,KAAI,CAAC,QAAQ,CAAC,IAAI,CAAC,KAAI,CAAC,CAAC;QACzC,KAAI,CAAC,QAAQ,GAAG,KAAI,CAAC,QAAQ,CAAC,IAAI,CAAC,KAAI,CAAC,CAAC;;IAC7C,CAAC;IAEM,+BAAQ,GAAf,UAAgB,KAAU;;QAChB,IAAA,iBAA8B,EAA5B,cAAI,EAAE,gBAAsB,CAAC;QACrC,IAAM,IAAI,wBAAQ,IAAI,CAAC,KAAK,CAAC,IAAI,eAAG,IAAI,IAAG,KAAK,MAAE,CAAC;QAEnD,IAAI,CAAC,QAAQ,CAAC,UAAC,KAAY;YACvB,4BAAW,KAAK,IAAE,IAAI,MAAA,IAAE;QAC5B,CAAC,CAAC,CAAC;IACP,CAAC;IAEM,+BAAQ,GAAf,UAAgB,CAAM;QAClB,CAAC,CAAC,cAAc,EAAE,CAAC;QACnB,IAAI,CAAC,KAAK,CAAC,QAAQ,CAAC,IAAI,CAAC,KAAK,CAAC,IAAI,CAAC,CAAC;IACzC,CAAC;IAEM,6BAAM,GAAb;QACI,OAAO,CACC,6BAAK,SAAS,EAAC,YAAY;YACvB,6BAAK,SAAS,EAAC,MAAM;gBACjB,8BAAM,SAAS,EAAC,eAAe;oBAC3B,+BAAO,IAAI,EAAC,MAAM,EAAC,WAAW,EAAC,eAAe,EAAC,IAAI,EAAC,OAAO,EACvD,KAAK,EAAE,IAAI,CAAC,KAAK,CAAC,IAAI,CAAC,KAAK,IAAI,IAAI,CAAC,CAAC,CAAC,IAAI,CAAC,KAAK,CAAC,IAAI,CAAC,KAAK,CAAC,CAAC,CAAC,EAAE,EAAE,QAAQ,EAAE,IAAI,CAAC,QAAQ,GAAG;oBAEjG,+BAAO,IAAI,EAAC,MAAM,EAAC,WAAW,EAAC,WAAW,EAAC,IAAI,EAAC,UAAU,EACtD,KAAK,EAAE,IAAI,CAAC,KAAK,CAAC,IAAI,CAAC,QAAQ,IAAI,IAAI,CAAC,CAAC,CAAC,IAAI,CAAC,KAAK,CAAC,IAAI,CAAC,QAAQ,CAAC,CAAC,CAAC,EAAE,EAAE,QAAQ,EAAE,IAAI,CAAC,QAAQ,GAAG;oBAEvG,+BAAO,IAAI,EAAC,UAAU,EAAC,WAAW,EAAC,UAAU,EAAC,IAAI,EAAC,UAAU,EACzD,KAAK,EAAE,IAAI,CAAC,KAAK,CAAC,IAAI,CAAC,QAAQ,IAAI,IAAI,CAAC,CAAC,CAAC,IAAI,CAAC,KAAK,CAAC,IAAI,CAAC,QAAQ,CAAC,CAAC,CAAC,EAAE,EAAE,QAAQ,EAAE,IAAI,CAAC,QAAQ,GAAG;oBAEvG,gCAAQ,OAAO,EAAE,IAAI,CAAC,QAAQ,eAAmB;oBACjD,2BAAG,SAAS,EAAC,SAAS;;wBAAqB,oBAAC,uBAAI,IAAC,EAAE,EAAC,QAAQ,cAAe,CAAI,CAC5E,CACL,CACJ,CACb,CAAA;IACL,CAAC;IACL,mBAAC;AAAD,CAAC,AApDD,CAAkC,KAAK,CAAC,SAAS,GAoDhD;AApDY,oCAAY","sourcesContent":["import * as React from 'react';\r\nimport { Link } from 'react-router-dom';\r\nimport { User } from '../types/user';\r\n\r\nexport interface IState {\r\n    user: User\r\n}\r\n\r\nexport interface IDispatchProps {\r\n    register: (user: User) => void;\r\n}\r\n\r\nexport class RegisterForm extends React.Component<IDispatchProps, IState> {\r\n\r\n    public constructor(props: IDispatchProps) {\r\n        super(props);\r\n\r\n        this.state = {\r\n            user: {\r\n                email: null,\r\n                password: null,\r\n                userName: null\r\n            }\r\n        }\r\n\r\n        this.onChange = this.onChange.bind(this);\r\n        this.onSubmit = this.onSubmit.bind(this);\r\n    }\r\n\r\n    public onChange(event: any) {\r\n        const { name, value } = event.target;\r\n        const user = { ...this.state.user, [name]: value };\r\n\r\n        this.setState((state:IState) => {\r\n            return {...state, user }\r\n        });\r\n    }\r\n\r\n    public onSubmit(e: any) {\r\n        e.preventDefault();\r\n        this.props.register(this.state.user);\r\n    }\r\n\r\n    public render() {\r\n        return (\r\n                <div className=\"login-page\">\r\n                    <div className=\"form\">\r\n                        <form className=\"register-form\">\r\n                            <input type=\"text\" placeholder=\"email address\" name=\"email\" \r\n                                value={this.state.user.email != null ? this.state.user.email : \"\"} onChange={this.onChange}/>\r\n\r\n                            <input type=\"text\" placeholder=\"user name\" name=\"userName\" \r\n                                value={this.state.user.userName != null ? this.state.user.userName : \"\"} onChange={this.onChange}/>\r\n\r\n                            <input type=\"password\" placeholder=\"password\" name=\"password\" \r\n                                value={this.state.user.password != null ? this.state.user.password : \"\"} onChange={this.onChange}/>\r\n                            \r\n                            <button onClick={this.onSubmit}>Register</button>\r\n                            <p className=\"message\">Already registered? <Link to=\"/login\">Sign In</Link></p>\r\n                        </form>\r\n                    </div>\r\n                </div>\r\n        )\r\n    }\r\n}"]},"_coverageSchema":"332fd63041d2c1bcb487cc26dd0d5f7d97098a6c","hash":"f1884882aa0efc9c66a1b67aa37725762350276c"},"D:\\Alla\\github\\doctor\\src\\types\\store.ts":{"path":"D:\\Alla\\github\\doctor\\src\\types\\store.ts","statementMap":{"0":{"start":{"line":2,"column":0},"end":{"line":2,"column":62}},"1":{"start":{"line":3,"column":14},"end":{"line":3,"column":30}},"2":{"start":{"line":4,"column":20},"end":{"line":4,"column":42}},"3":{"start":{"line":5,"column":18},"end":{"line":5,"column":45}},"4":{"start":{"line":6,"column":23},"end":{"line":6,"column":85}},"5":{"start":{"line":7,"column":0},"end":{"line":7,"column":149}}},"fnMap":{},"branchMap":{"0":{"loc":{"start":{"line":6,"column":23},"end":{"line":6,"column":85}},"type":"binary-expr","locations":[{"start":{"line":6,"column":23},"end":{"line":6,"column":66}},{"start":{"line":6,"column":70},"end":{"line":6,"column":85}}],"line":6}},"s":{"0":1,"1":1,"2":1,"3":1,"4":1,"5":1},"f":{},"b":{"0":[1,1]},"inputSourceMap":{"version":3,"file":"store.js","sourceRoot":"","sources":["store.ts"],"names":[],"mappings":";;AAAA,+BAA8D;AAC9D,2CAAgC;AAEhC,8CAAgD;AAEhD,IAAM,gBAAgB,GAAI,MAAc,CAAC,oCAAoC,IAAI,eAAO,CAAC;AAE5E,QAAA,KAAK,GAAG,mBAAW,CAC5B,WAAW,CAAC,OAAO,EACnB,WAAW,CAAC,YAAY,EACxB,gBAAgB,CAAC,uBAAe,CAC5B,qBAAK,CACR,CAAC,CACL,CAAC","sourcesContent":["import { applyMiddleware, compose, createStore } from \"redux\";\r\nimport thunk from \"redux-thunk\";\r\nimport { RootAction } from \"../actions/root-action\";\r\nimport * as RootReducer from \"../reducers/root\";\r\n\r\nconst composeEnhancers = (window as any).__REDUX_DEVTOOLS_EXTENSION_COMPOSE__ || compose;\r\n\r\nexport const Store = createStore<RootReducer.IRootState, RootAction, any, any> (\r\n    RootReducer.reducer, \r\n    RootReducer.initialState,\r\n    composeEnhancers(applyMiddleware(\r\n        thunk\r\n    ))\r\n);"]},"_coverageSchema":"332fd63041d2c1bcb487cc26dd0d5f7d97098a6c","hash":"6c669f41cfb2ed9f337020392779ebe08b0d34b1"},"D:\\Alla\\github\\doctor\\src\\reducers\\root.ts":{"path":"D:\\Alla\\github\\doctor\\src\\reducers\\root.ts","statementMap":{"0":{"start":{"line":2,"column":0},"end":{"line":2,"column":62}},"1":{"start":{"line":3,"column":14},"end":{"line":3,"column":30}},"2":{"start":{"line":4,"column":18},"end":{"line":4,"column":43}},"3":{"start":{"line":6,"column":0},"end":{"line":8,"column":2}},"4":{"start":{"line":10,"column":0},"end":{"line":12,"column":3}}},"fnMap":{},"branchMap":{},"s":{"0":1,"1":1,"2":1,"3":1,"4":1},"f":{},"b":{},"inputSourceMap":{"version":3,"file":"root.js","sourceRoot":"","sources":["root.ts"],"names":[],"mappings":";;AAAA,+BAAiD;AACjD,4CAA8C;AAO9C,gBAAgB;AACH,QAAA,YAAY,GAAe;IACpC,SAAS,EAAE,WAAW,CAAC,gBAAgB;CAC1C,CAAA;AAED,UAAU;AACG,QAAA,OAAO,GAAwB,uBAAe,CAAa;IACpE,SAAS,EAAE,WAAW,CAAC,OAAO;CACjC,CAAC,CAAC","sourcesContent":["import { combineReducers, Reducer } from \"redux\";\r\nimport * as UserReducer from \"./user-reducer\";\r\n\r\n// Root State Definition\r\nexport interface IRootState {\r\n    userState: UserReducer.IUserState,\r\n}\r\n\r\n// Initial State\r\nexport const initialState: IRootState = {\r\n    userState: UserReducer.initialUserState,\r\n}\r\n\r\n// Reducer\r\nexport const reducer: Reducer<IRootState> = combineReducers<IRootState>({\r\n    userState: UserReducer.reducer\r\n});"]},"_coverageSchema":"332fd63041d2c1bcb487cc26dd0d5f7d97098a6c","hash":"cc0816ca017a23e5895eb06c031e595bba61d3ce"},"D:\\Alla\\github\\doctor\\src\\reducers\\user-reducer.ts":{"path":"D:\\Alla\\github\\doctor\\src\\reducers\\user-reducer.ts","statementMap":{"0":{"start":{"line":2,"column":0},"end":{"line":2,"column":62}},"1":{"start":{"line":3,"column":14},"end":{"line":3,"column":30}},"2":{"start":{"line":4,"column":21},"end":{"line":4,"column":55}},"3":{"start":{"line":7,"column":0},"end":{"line":13,"column":2}},"4":{"start":{"line":15,"column":0},"end":{"line":23,"column":2}},"5":{"start":{"line":16,"column":4},"end":{"line":16,"column":63}},"6":{"start":{"line":16,"column":28},"end":{"line":16,"column":61}},"7":{"start":{"line":17,"column":4},"end":{"line":22,"column":5}},"8":{"start":{"line":19,"column":12},"end":{"line":19,"column":78}},"9":{"start":{"line":21,"column":12},"end":{"line":21,"column":25}}},"fnMap":{"0":{"name":"(anonymous_0)","decl":{"start":{"line":15,"column":18},"end":{"line":15,"column":19}},"loc":{"start":{"line":15,"column":43},"end":{"line":23,"column":1}},"line":15}},"branchMap":{"0":{"loc":{"start":{"line":16,"column":4},"end":{"line":16,"column":63}},"type":"if","locations":[{"start":{"line":16,"column":4},"end":{"line":16,"column":63}},{"start":{"line":16,"column":4},"end":{"line":16,"column":63}}],"line":16},"1":{"loc":{"start":{"line":17,"column":4},"end":{"line":22,"column":5}},"type":"switch","locations":[{"start":{"line":18,"column":8},"end":{"line":19,"column":78}},{"start":{"line":20,"column":8},"end":{"line":21,"column":25}}],"line":17}},"s":{"0":1,"1":1,"2":1,"3":1,"4":1,"5":3,"6":2,"7":3,"8":0,"9":3},"f":{"0":3},"b":{"0":[2,1],"1":[0,3]},"inputSourceMap":{"version":3,"file":"user-reducer.js","sourceRoot":"","sources":["user-reducer.ts"],"names":[],"mappings":";;;AAEA,wDAAsE;AAMrE,CAAC;AAEF,gBAAgB;AACH,QAAA,gBAAgB,GAAe;IAC1C,IAAI,EAAE;QACF,KAAK,EAAE,IAAI;QACX,QAAQ,EAAE,IAAI;QACd,QAAQ,EAAE,IAAI;KACjB;CACF,CAAC;AAEF,UAAU;AACC,QAAA,OAAO,GACd,UAAC,KAAoC,EAAE,MAAkB;IAAxD,sBAAA,EAAA,QAAoB,wBAAgB;IACjC,QAAQ,MAAM,CAAC,IAAI,EAAE;QACjB,KAAK,8BAAe,CAAC,qBAAqB;YACtC,4BAAY,KAAK,IAAE,IAAI,EAAE,MAAM,CAAC,OAAO,CAAC,IAAI,IAAG;QACnD;YACI,OAAO,KAAK,CAAC;KACpB;AACL,CAAC,CAAC","sourcesContent":["\r\nimport { Reducer } from \"redux\";\r\nimport { UserAction, UserActionTypes } from \"../actions/user-actions\";\r\nimport { User } from '../types/user';\r\n\r\n// State Definition\r\nexport interface IUserState {\r\n    user: User,\r\n};\r\n\r\n// Initial State\r\nexport const initialUserState: IUserState = {\r\n  user: {\r\n      email: null,\r\n      password: null,\r\n      userName: null\r\n  }\r\n};\r\n\r\n// Reducer\r\nexport let reducer: Reducer<IUserState, UserAction> = \r\n    (state: IUserState = initialUserState, action: UserAction) => {\r\n        switch (action.type) {\r\n            case UserActionTypes.REGISTER_USER_SUCCESS:\r\n                return { ...state, user: action.payload.user };\r\n            default:\r\n                return state;\r\n        }\r\n    };"]},"_coverageSchema":"332fd63041d2c1bcb487cc26dd0d5f7d97098a6c","hash":"a16a073a418f0bf09b9d7e3172594278a60bd9d5"},"D:\\Alla\\github\\doctor\\src\\actions\\root-action.ts":{"path":"D:\\Alla\\github\\doctor\\src\\actions\\root-action.ts","statementMap":{"0":{"start":{"line":1,"column":13},"end":{"line":1,"column":531}},"1":{"start":{"line":1,"column":531},"end":{"line":1,"column":544}},"2":{"start":{"line":2,"column":0},"end":{"line":2,"column":62}}},"fnMap":{},"branchMap":{},"s":{"0":0,"1":0,"2":0},"f":{},"b":{}},"D:\\Alla\\github\\doctor\\src\\index.tsx":{"path":"D:\\Alla\\github\\doctor\\src\\index.tsx","statementMap":{"0":{"start":{"line":1,"column":13},"end":{"line":1,"column":1794}},"1":{"start":{"line":1,"column":1794},"end":{"line":1,"column":1807}},"2":{"start":{"line":2,"column":0},"end":{"line":2,"column":62}},"3":{"start":{"line":3,"column":12},"end":{"line":3,"column":28}},"4":{"start":{"line":4,"column":15},"end":{"line":4,"column":35}},"5":{"start":{"line":5,"column":20},"end":{"line":5,"column":42}},"6":{"start":{"line":6,"column":12},"end":{"line":6,"column":28}},"7":{"start":{"line":7,"column":0},"end":{"line":7,"column":23}},"8":{"start":{"line":8,"column":30},"end":{"line":8,"column":64}},"9":{"start":{"line":9,"column":14},"end":{"line":9,"column":38}},"10":{"start":{"line":10,"column":0},"end":{"line":11,"column":76}},"11":{"start":{"line":12,"column":0},"end":{"line":12,"column":34}}},"fnMap":{},"branchMap":{},"s":{"0":0,"1":0,"2":0,"3":0,"4":0,"5":0,"6":0,"7":0,"8":0,"9":0,"10":0,"11":0},"f":{},"b":{}},"D:\\Alla\\github\\doctor\\src\\types\\user.ts":{"path":"D:\\Alla\\github\\doctor\\src\\types\\user.ts","statementMap":{"0":{"start":{"line":1,"column":13},"end":{"line":1,"column":780}},"1":{"start":{"line":1,"column":780},"end":{"line":1,"column":793}},"2":{"start":{"line":2,"column":0},"end":{"line":2,"column":62}},"3":{"start":{"line":3,"column":24},"end":{"line":7,"column":3}},"4":{"start":{"line":6,"column":4},"end":{"line":6,"column":16}},"5":{"start":{"line":8,"column":0},"end":{"line":8,"column":20}}},"fnMap":{"0":{"name":"(anonymous_0)","decl":{"start":{"line":3,"column":24},"end":{"line":3,"column":25}},"loc":{"start":{"line":3,"column":36},"end":{"line":7,"column":1}},"line":3},"1":{"name":"User","decl":{"start":{"line":4,"column":13},"end":{"line":4,"column":17}},"loc":{"start":{"line":4,"column":20},"end":{"line":5,"column":5}},"line":4}},"branchMap":{},"s":{"0":0,"1":0,"2":0,"3":0,"4":0,"5":0},"f":{"0":0,"1":0},"b":{}},"D:\\Alla\\github\\doctor\\src\\registerServiceWorker.ts":{"path":"D:\\Alla\\github\\doctor\\src\\registerServiceWorker.ts","statementMap":{"0":{"start":{"line":1,"column":13},"end":{"line":1,"column":15315}},"1":{"start":{"line":1,"column":15315},"end":{"line":1,"column":15328}},"2":{"start":{"line":4,"column":0},"end":{"line":4,"column":62}},"3":{"start":{"line":11,"column":18},"end":{"line":15,"column":89}},"4":{"start":{"line":17,"column":4},"end":{"line":43,"column":5}},"5":{"start":{"line":19,"column":24},"end":{"line":19,"column":83}},"6":{"start":{"line":20,"column":8},"end":{"line":25,"column":9}},"7":{"start":{"line":24,"column":12},"end":{"line":24,"column":19}},"8":{"start":{"line":26,"column":8},"end":{"line":42,"column":11}},"9":{"start":{"line":27,"column":24},"end":{"line":27,"column":69}},"10":{"start":{"line":28,"column":12},"end":{"line":41,"column":13}},"11":{"start":{"line":30,"column":16},"end":{"line":30,"column":47}},"12":{"start":{"line":33,"column":16},"end":{"line":36,"column":19}},"13":{"start":{"line":34,"column":20},"end":{"line":35,"column":74}},"14":{"start":{"line":40,"column":16},"end":{"line":40,"column":39}},"15":{"start":{"line":45,"column":0},"end":{"line":45,"column":27}},"16":{"start":{"line":47,"column":4},"end":{"line":75,"column":7}},"17":{"start":{"line":50,"column":8},"end":{"line":71,"column":10}},"18":{"start":{"line":51,"column":35},"end":{"line":51,"column":58}},"19":{"start":{"line":52,"column":12},"end":{"line":70,"column":13}},"20":{"start":{"line":53,"column":16},"end":{"line":69,"column":18}},"21":{"start":{"line":54,"column":20},"end":{"line":68,"column":21}},"22":{"start":{"line":55,"column":24},"end":{"line":67,"column":25}},"23":{"start":{"line":60,"column":28},"end":{"line":60,"column":85}},"24":{"start":{"line":66,"column":28},"end":{"line":66,"column":78}},"25":{"start":{"line":74,"column":8},"end":{"line":74,"column":74}},"26":{"start":{"line":79,"column":4},"end":{"line":98,"column":7}},"27":{"start":{"line":82,"column":8},"end":{"line":94,"column":9}},"28":{"start":{"line":85,"column":12},"end":{"line":89,"column":15}},"29":{"start":{"line":86,"column":16},"end":{"line":88,"column":19}},"30":{"start":{"line":87,"column":20},"end":{"line":87,"column":45}},"31":{"start":{"line":93,"column":12},"end":{"line":93,"column":35}},"32":{"start":{"line":97,"column":8},"end":{"line":97,"column":85}},"33":{"start":{"line":101,"column":4},"end":{"line":105,"column":5}},"34":{"start":{"line":102,"column":8},"end":{"line":104,"column":11}},"35":{"start":{"line":103,"column":12},"end":{"line":103,"column":38}},"36":{"start":{"line":107,"column":0},"end":{"line":107,"column":32}}},"fnMap":{"0":{"name":"register","decl":{"start":{"line":16,"column":9},"end":{"line":16,"column":17}},"loc":{"start":{"line":16,"column":20},"end":{"line":44,"column":1}},"line":16},"1":{"name":"(anonymous_1)","decl":{"start":{"line":26,"column":40},"end":{"line":26,"column":41}},"loc":{"start":{"line":26,"column":52},"end":{"line":42,"column":9}},"line":26},"2":{"name":"(anonymous_2)","decl":{"start":{"line":33,"column":51},"end":{"line":33,"column":52}},"loc":{"start":{"line":33,"column":63},"end":{"line":36,"column":17}},"line":33},"3":{"name":"registerValidSW","decl":{"start":{"line":46,"column":9},"end":{"line":46,"column":24}},"loc":{"start":{"line":46,"column":32},"end":{"line":76,"column":1}},"line":46},"4":{"name":"(anonymous_4)","decl":{"start":{"line":49,"column":9},"end":{"line":49,"column":10}},"loc":{"start":{"line":49,"column":33},"end":{"line":72,"column":5}},"line":49},"5":{"name":"(anonymous_5)","decl":{"start":{"line":50,"column":37},"end":{"line":50,"column":38}},"loc":{"start":{"line":50,"column":49},"end":{"line":71,"column":9}},"line":50},"6":{"name":"(anonymous_6)","decl":{"start":{"line":53,"column":49},"end":{"line":53,"column":50}},"loc":{"start":{"line":53,"column":61},"end":{"line":69,"column":17}},"line":53},"7":{"name":"(anonymous_7)","decl":{"start":{"line":73,"column":10},"end":{"line":73,"column":11}},"loc":{"start":{"line":73,"column":27},"end":{"line":75,"column":5}},"line":73},"8":{"name":"checkValidServiceWorker","decl":{"start":{"line":77,"column":9},"end":{"line":77,"column":32}},"loc":{"start":{"line":77,"column":40},"end":{"line":99,"column":1}},"line":77},"9":{"name":"(anonymous_9)","decl":{"start":{"line":80,"column":9},"end":{"line":80,"column":10}},"loc":{"start":{"line":80,"column":29},"end":{"line":95,"column":5}},"line":80},"10":{"name":"(anonymous_10)","decl":{"start":{"line":85,"column":47},"end":{"line":85,"column":48}},"loc":{"start":{"line":85,"column":71},"end":{"line":89,"column":13}},"line":85},"11":{"name":"(anonymous_11)","decl":{"start":{"line":86,"column":47},"end":{"line":86,"column":48}},"loc":{"start":{"line":86,"column":59},"end":{"line":88,"column":17}},"line":86},"12":{"name":"(anonymous_12)","decl":{"start":{"line":96,"column":10},"end":{"line":96,"column":11}},"loc":{"start":{"line":96,"column":22},"end":{"line":98,"column":5}},"line":96},"13":{"name":"unregister","decl":{"start":{"line":100,"column":9},"end":{"line":100,"column":19}},"loc":{"start":{"line":100,"column":22},"end":{"line":106,"column":1}},"line":100},"14":{"name":"(anonymous_14)","decl":{"start":{"line":102,"column":43},"end":{"line":102,"column":44}},"loc":{"start":{"line":102,"column":67},"end":{"line":104,"column":9}},"line":102}},"branchMap":{"0":{"loc":{"start":{"line":11,"column":26},"end":{"line":15,"column":88}},"type":"binary-expr","locations":[{"start":{"line":11,"column":26},"end":{"line":11,"column":66}},{"start":{"line":13,"column":0},"end":{"line":13,"column":36}},{"start":{"line":15,"column":0},"end":{"line":15,"column":88}}],"line":11},"1":{"loc":{"start":{"line":17,"column":4},"end":{"line":43,"column":5}},"type":"if","locations":[{"start":{"line":17,"column":4},"end":{"line":43,"column":5}},{"start":{"line":17,"column":4},"end":{"line":43,"column":5}}],"line":17},"2":{"loc":{"start":{"line":17,"column":8},"end":{"line":17,"column":77}},"type":"binary-expr","locations":[{"start":{"line":17,"column":8},"end":{"line":17,"column":45}},{"start":{"line":17,"column":49},"end":{"line":17,"column":77}}],"line":17},"3":{"loc":{"start":{"line":20,"column":8},"end":{"line":25,"column":9}},"type":"if","locations":[{"start":{"line":20,"column":8},"end":{"line":25,"column":9}},{"start":{"line":20,"column":8},"end":{"line":25,"column":9}}],"line":20},"4":{"loc":{"start":{"line":28,"column":12},"end":{"line":41,"column":13}},"type":"if","locations":[{"start":{"line":28,"column":12},"end":{"line":41,"column":13}},{"start":{"line":28,"column":12},"end":{"line":41,"column":13}}],"line":28},"5":{"loc":{"start":{"line":52,"column":12},"end":{"line":70,"column":13}},"type":"if","locations":[{"start":{"line":52,"column":12},"end":{"line":70,"column":13}},{"start":{"line":52,"column":12},"end":{"line":70,"column":13}}],"line":52},"6":{"loc":{"start":{"line":54,"column":20},"end":{"line":68,"column":21}},"type":"if","locations":[{"start":{"line":54,"column":20},"end":{"line":68,"column":21}},{"start":{"line":54,"column":20},"end":{"line":68,"column":21}}],"line":54},"7":{"loc":{"start":{"line":55,"column":24},"end":{"line":67,"column":25}},"type":"if","locations":[{"start":{"line":55,"column":24},"end":{"line":67,"column":25}},{"start":{"line":55,"column":24},"end":{"line":67,"column":25}}],"line":55},"8":{"loc":{"start":{"line":82,"column":8},"end":{"line":94,"column":9}},"type":"if","locations":[{"start":{"line":82,"column":8},"end":{"line":94,"column":9}},{"start":{"line":82,"column":8},"end":{"line":94,"column":9}}],"line":82},"9":{"loc":{"start":{"line":82,"column":12},"end":{"line":83,"column":73}},"type":"binary-expr","locations":[{"start":{"line":82,"column":12},"end":{"line":82,"column":35}},{"start":{"line":83,"column":8},"end":{"line":83,"column":73}}],"line":82},"10":{"loc":{"start":{"line":101,"column":4},"end":{"line":105,"column":5}},"type":"if","locations":[{"start":{"line":101,"column":4},"end":{"line":105,"column":5}},{"start":{"line":101,"column":4},"end":{"line":105,"column":5}}],"line":101}},"s":{"0":0,"1":0,"2":0,"3":0,"4":0,"5":0,"6":0,"7":0,"8":0,"9":0,"10":0,"11":0,"12":0,"13":0,"14":0,"15":0,"16":0,"17":0,"18":0,"19":0,"20":0,"21":0,"22":0,"23":0,"24":0,"25":0,"26":0,"27":0,"28":0,"29":0,"30":0,"31":0,"32":0,"33":0,"34":0,"35":0,"36":0},"f":{"0":0,"1":0,"2":0,"3":0,"4":0,"5":0,"6":0,"7":0,"8":0,"9":0,"10":0,"11":0,"12":0,"13":0,"14":0},"b":{"0":[0,0,0],"1":[0,0],"2":[0,0],"3":[0,0],"4":[0,0],"5":[0,0],"6":[0,0],"7":[0,0],"8":[0,0],"9":[0,0],"10":[0,0]}}}}